<?xml version="1.0" encoding="UTF-8"?>
<!-- Generated by org.testng.reporters.JUnitXMLReporter -->
<testsuite hostname="IND-KDEEPA-LT" name="Denali Test - Firefox" tests="3" failures="0" timestamp="24 Feb 2016 12:19:25 GMT" time="58.707" errors="0">
  <testcase name="@BeforeClass beforeClass" time="0.0" classname="com.eurotech.denali.test.DenaliTest">
    <failure type="org.openqa.selenium.WebDriverException" message="Failed to connect to binary FirefoxBinary(C:\Program Files (x86)\Mozilla Firefox\firefox.exe) on port 7055; process output follows: 
e install location app-system-share
1456316319972	addons.xpi	DEBUG	Skipping unavailable install location app-system-local
1456316319973	addons.xpi	INFO	Mapping {D19CA586-DD6C-4a0a-96F8-14644F340D60} to C:\Program Files (x86)\Common Files\McAfee\SystemCore
1456316319973	addons.xpi	DEBUG	checkForChanges
1456316319973	addons.xpi	DEBUG	Loaded add-on state from prefs: {&amp;quot;app-profile&amp;quot;:{&amp;quot;fxdriver@googlecode.com&amp;quot;:{&amp;quot;d&amp;quot;:&amp;quot;C:\\Users\\kdeepa\\AppData\\Local\\Temp\\anonymous1429360616960305801webdriver-profile\\extensions\\fxdriver@googlecode.com&amp;quot;,&amp;quot;e&amp;quot;:false,&amp;quot;v&amp;quot;:&amp;quot;2.44.0&amp;quot;,&amp;quot;st&amp;quot;:1456316311001,&amp;quot;mt&amp;quot;:1456316310252}},&amp;quot;app-global&amp;quot;:{&amp;quot;{972ce4c6-7e08-4474-a285-3208198ce6fd}&amp;quot;:{&amp;quot;d&amp;quot;:&amp;quot;C:\\Program Files (x86)\\Mozilla Firefox\\browser\\extensions\\{972ce4c6-7e08-4474-a285-3208198ce6fd}&amp;quot;,&amp;quot;e&amp;quot;:true,&amp;quot;v&amp;quot;:&amp;quot;44.0.2&amp;quot;,&amp;quot;st&amp;quot;:1455273602346,&amp;quot;mt&amp;quot;:1455273602346}},&amp;quot;winreg-app-global&amp;quot;:{&amp;quot;{D19CA586-DD6C-4a0a-96F8-14644F340D60}&amp;quot;:{&amp;quot;d&amp;quot;:&amp;quot;C:\\Program Files (x86)\\Common Files\\McAfee\\SystemCore&amp;quot;,&amp;quot;e&amp;quot;:false,&amp;quot;v&amp;quot;:&amp;quot;15.4.0&amp;quot;,&amp;quot;st&amp;quot;:1454585229141,&amp;quot;mt&amp;quot;:1454584504285}}}
1456316319974	addons.xpi	DEBUG	Existing add-on fxdriver@googlecode.com in app-profile
1456316319975	addons.xpi	DEBUG	getModTime: Recursive scan of {972ce4c6-7e08-4474-a285-3208198ce6fd}
1456316319976	addons.xpi	DEBUG	Existing add-on {972ce4c6-7e08-4474-a285-3208198ce6fd} in app-global
1456316319976	addons.xpi	DEBUG	Existing add-on {D19CA586-DD6C-4a0a-96F8-14644F340D60} in winreg-app-global
1456316319976	addons.xpi	DEBUG	getInstallState changed: false, state: {&amp;quot;app-profile&amp;quot;:{&amp;quot;fxdriver@googlecode.com&amp;quot;:{&amp;quot;d&amp;quot;:&amp;quot;C:\\Users\\kdeepa\\AppData\\Local\\Temp\\anonymous1429360616960305801webdriver-profile\\extensions\\fxdriver@googlecode.com&amp;quot;,&amp;quot;e&amp;quot;:false,&amp;quot;v&amp;quot;:&amp;quot;2.44.0&amp;quot;,&amp;quot;st&amp;quot;:1456316311001,&amp;quot;mt&amp;quot;:1456316310252}},&amp;quot;app-global&amp;quot;:{&amp;quot;{972ce4c6-7e08-4474-a285-3208198ce6fd}&amp;quot;:{&amp;quot;d&amp;quot;:&amp;quot;C:\\Program Files (x86)\\Mozilla Firefox\\browser\\extensions\\{972ce4c6-7e08-4474-a285-3208198ce6fd}&amp;quot;,&amp;quot;e&amp;quot;:true,&amp;quot;v&amp;quot;:&amp;quot;44.0.2&amp;quot;,&amp;quot;st&amp;quot;:1455273602346,&amp;quot;mt&amp;quot;:1455273602346}},&amp;quot;winreg-app-global&amp;quot;:{&amp;quot;{D19CA586-DD6C-4a0a-96F8-14644F340D60}&amp;quot;:{&amp;quot;d&amp;quot;:&amp;quot;C:\\Program Files (x86)\\Common Files\\McAfee\\SystemCore&amp;quot;,&amp;quot;e&amp;quot;:false,&amp;quot;v&amp;quot;:&amp;quot;15.4.0&amp;quot;,&amp;quot;st&amp;quot;:1454585229141,&amp;quot;mt&amp;quot;:1454584504285}}}
1456316319978	addons.xpi	DEBUG	No changes found
1456316319985	addons.manager	DEBUG	Registering shutdown blocker for XPIProvider
1456316319985	addons.manager	DEBUG	Provider finished startup: XPIProvider
1456316319985	addons.manager	DEBUG	Starting provider: LightweightThemeManager
1456316319985	addons.manager	DEBUG	Registering shutdown blocker for LightweightThemeManager
1456316319985	addons.manager	DEBUG	Provider finished startup: LightweightThemeManager
1456316319986	addons.manager	DEBUG	Starting provider: GMPProvider
1456316319991	addons.manager	DEBUG	Registering shutdown blocker for GMPProvider
1456316319991	addons.manager	DEBUG	Provider finished startup: GMPProvider
1456316319991	addons.manager	DEBUG	Starting provider: PluginProvider
1456316319991	addons.manager	DEBUG	Registering shutdown blocker for PluginProvider
1456316319991	addons.manager	DEBUG	Provider finished startup: PluginProvider
1456316319992	addons.manager	DEBUG	Completed startup sequence
1456316320088	addons.xpi-utils	DEBUG	Starting async load of XPI database C:\Users\kdeepa\AppData\Local\Temp\anonymous1429360616960305801webdriver-profile\extensions.json
*** Blocklist::_loadBlocklistFromFile: blocklist is disabled
1456316320240	addons.manager	DEBUG	Starting provider: &amp;lt;unnamed-provider&amp;gt;
1456316320240	addons.manager	DEBUG	Registering shutdown blocker for &amp;lt;unnamed-provider&amp;gt;
1456316320241	addons.manager	DEBUG	Provider finished startup: &amp;lt;unnamed-provider&amp;gt;
1456316320433	addons.xpi-utils	DEBUG	Async JSON file read took 0 MS
1456316320433	addons.xpi-utils	DEBUG	Finished async read of XPI database, parsing...
1456316320435	addons.xpi-utils	DEBUG	Successfully read XPI database
1456316320513	addons.manager	DEBUG	Starting provider: PreviousExperimentProvider
1456316320513	addons.manager	DEBUG	Registering shutdown blocker for PreviousExperimentProvider
1456316320513	addons.manager	DEBUG	Provider finished startup: PreviousExperimentProvider

Build info: version: &amp;apos;2.44.0&amp;apos;, revision: &amp;apos;76d78cf323ce037c5f92db6c1bba601c2ac43ad8&amp;apos;, time: &amp;apos;2014-10-23 13:11:40&amp;apos;
System info: host: &amp;apos;IND-KDEEPA-LT&amp;apos;, ip: &amp;apos;172.30.36.133&amp;apos;, os.name: &amp;apos;Windows 7&amp;apos;, os.arch: &amp;apos;amd64&amp;apos;, os.version: &amp;apos;6.1&amp;apos;, java.version: &amp;apos;1.8.0_51&amp;apos;
Driver info: driver.version: FirefoxDriver">
      <![CDATA[org.openqa.selenium.WebDriverException: Failed to connect to binary FirefoxBinary(C:\Program Files (x86)\Mozilla Firefox\firefox.exe) on port 7055; process output follows: 
e install location app-system-share
1456316319972	addons.xpi	DEBUG	Skipping unavailable install location app-system-local
1456316319973	addons.xpi	INFO	Mapping {D19CA586-DD6C-4a0a-96F8-14644F340D60} to C:\Program Files (x86)\Common Files\McAfee\SystemCore
1456316319973	addons.xpi	DEBUG	checkForChanges
1456316319973	addons.xpi	DEBUG	Loaded add-on state from prefs: {"app-profile":{"fxdriver@googlecode.com":{"d":"C:\\Users\\kdeepa\\AppData\\Local\\Temp\\anonymous1429360616960305801webdriver-profile\\extensions\\fxdriver@googlecode.com","e":false,"v":"2.44.0","st":1456316311001,"mt":1456316310252}},"app-global":{"{972ce4c6-7e08-4474-a285-3208198ce6fd}":{"d":"C:\\Program Files (x86)\\Mozilla Firefox\\browser\\extensions\\{972ce4c6-7e08-4474-a285-3208198ce6fd}","e":true,"v":"44.0.2","st":1455273602346,"mt":1455273602346}},"winreg-app-global":{"{D19CA586-DD6C-4a0a-96F8-14644F340D60}":{"d":"C:\\Program Files (x86)\\Common Files\\McAfee\\SystemCore","e":false,"v":"15.4.0","st":1454585229141,"mt":1454584504285}}}
1456316319974	addons.xpi	DEBUG	Existing add-on fxdriver@googlecode.com in app-profile
1456316319975	addons.xpi	DEBUG	getModTime: Recursive scan of {972ce4c6-7e08-4474-a285-3208198ce6fd}
1456316319976	addons.xpi	DEBUG	Existing add-on {972ce4c6-7e08-4474-a285-3208198ce6fd} in app-global
1456316319976	addons.xpi	DEBUG	Existing add-on {D19CA586-DD6C-4a0a-96F8-14644F340D60} in winreg-app-global
1456316319976	addons.xpi	DEBUG	getInstallState changed: false, state: {"app-profile":{"fxdriver@googlecode.com":{"d":"C:\\Users\\kdeepa\\AppData\\Local\\Temp\\anonymous1429360616960305801webdriver-profile\\extensions\\fxdriver@googlecode.com","e":false,"v":"2.44.0","st":1456316311001,"mt":1456316310252}},"app-global":{"{972ce4c6-7e08-4474-a285-3208198ce6fd}":{"d":"C:\\Program Files (x86)\\Mozilla Firefox\\browser\\extensions\\{972ce4c6-7e08-4474-a285-3208198ce6fd}","e":true,"v":"44.0.2","st":1455273602346,"mt":1455273602346}},"winreg-app-global":{"{D19CA586-DD6C-4a0a-96F8-14644F340D60}":{"d":"C:\\Program Files (x86)\\Common Files\\McAfee\\SystemCore","e":false,"v":"15.4.0","st":1454585229141,"mt":1454584504285}}}
1456316319978	addons.xpi	DEBUG	No changes found
1456316319985	addons.manager	DEBUG	Registering shutdown blocker for XPIProvider
1456316319985	addons.manager	DEBUG	Provider finished startup: XPIProvider
1456316319985	addons.manager	DEBUG	Starting provider: LightweightThemeManager
1456316319985	addons.manager	DEBUG	Registering shutdown blocker for LightweightThemeManager
1456316319985	addons.manager	DEBUG	Provider finished startup: LightweightThemeManager
1456316319986	addons.manager	DEBUG	Starting provider: GMPProvider
1456316319991	addons.manager	DEBUG	Registering shutdown blocker for GMPProvider
1456316319991	addons.manager	DEBUG	Provider finished startup: GMPProvider
1456316319991	addons.manager	DEBUG	Starting provider: PluginProvider
1456316319991	addons.manager	DEBUG	Registering shutdown blocker for PluginProvider
1456316319991	addons.manager	DEBUG	Provider finished startup: PluginProvider
1456316319992	addons.manager	DEBUG	Completed startup sequence
1456316320088	addons.xpi-utils	DEBUG	Starting async load of XPI database C:\Users\kdeepa\AppData\Local\Temp\anonymous1429360616960305801webdriver-profile\extensions.json
*** Blocklist::_loadBlocklistFromFile: blocklist is disabled
1456316320240	addons.manager	DEBUG	Starting provider: <unnamed-provider>
1456316320240	addons.manager	DEBUG	Registering shutdown blocker for <unnamed-provider>
1456316320241	addons.manager	DEBUG	Provider finished startup: <unnamed-provider>
1456316320433	addons.xpi-utils	DEBUG	Async JSON file read took 0 MS
1456316320433	addons.xpi-utils	DEBUG	Finished async read of XPI database, parsing...
1456316320435	addons.xpi-utils	DEBUG	Successfully read XPI database
1456316320513	addons.manager	DEBUG	Starting provider: PreviousExperimentProvider
1456316320513	addons.manager	DEBUG	Registering shutdown blocker for PreviousExperimentProvider
1456316320513	addons.manager	DEBUG	Provider finished startup: PreviousExperimentProvider

Build info: version: '2.44.0', revision: '76d78cf323ce037c5f92db6c1bba601c2ac43ad8', time: '2014-10-23 13:11:40'
System info: host: 'IND-KDEEPA-LT', ip: '172.30.36.133', os.name: 'Windows 7', os.arch: 'amd64', os.version: '6.1', java.version: '1.8.0_51'
Driver info: driver.version: FirefoxDriver
	at org.openqa.selenium.firefox.internal.NewProfileExtensionConnection.start(NewProfileExtensionConnection.java:130)
	at org.openqa.selenium.firefox.FirefoxDriver.startClient(FirefoxDriver.java:246)
	at org.openqa.selenium.remote.RemoteWebDriver.<init>(RemoteWebDriver.java:114)
	at org.openqa.selenium.firefox.FirefoxDriver.<init>(FirefoxDriver.java:191)
	at org.openqa.selenium.firefox.FirefoxDriver.<init>(FirefoxDriver.java:186)
	at org.openqa.selenium.firefox.FirefoxDriver.<init>(FirefoxDriver.java:182)
	at org.openqa.selenium.firefox.FirefoxDriver.<init>(FirefoxDriver.java:95)
	at com.eurotech.denali.driver.processor.DriverProcessor.makeFirefoxWebDriver(DriverProcessor.java:134)
	at com.eurotech.denali.driver.processor.DriverProcessor.getDriver(DriverProcessor.java:117)
	at com.eurotech.denali.driver.processor.DriverProcessor.startDriver(DriverProcessor.java:103)
	at com.eurotech.denali.test.DenaliTest.beforeClass(DenaliTest.java:33)
Caused by: org.openqa.selenium.firefox.NotConnectedException: Unable to connect to host 127.0.0.1 on port 7055 after 45000 ms. Firefox console output:
e install location app-system-share
1456316319972	addons.xpi	DEBUG	Skipping unavailable install location app-system-local
1456316319973	addons.xpi	INFO	Mapping {D19CA586-DD6C-4a0a-96F8-14644F340D60} to C:\Program Files (x86)\Common Files\McAfee\SystemCore
1456316319973	addons.xpi	DEBUG	checkForChanges
1456316319973	addons.xpi	DEBUG	Loaded add-on state from prefs: {"app-profile":{"fxdriver@googlecode.com":{"d":"C:\\Users\\kdeepa\\AppData\\Local\\Temp\\anonymous1429360616960305801webdriver-profile\\extensions\\fxdriver@googlecode.com","e":false,"v":"2.44.0","st":1456316311001,"mt":1456316310252}},"app-global":{"{972ce4c6-7e08-4474-a285-3208198ce6fd}":{"d":"C:\\Program Files (x86)\\Mozilla Firefox\\browser\\extensions\\{972ce4c6-7e08-4474-a285-3208198ce6fd}","e":true,"v":"44.0.2","st":1455273602346,"mt":1455273602346}},"winreg-app-global":{"{D19CA586-DD6C-4a0a-96F8-14644F340D60}":{"d":"C:\\Program Files (x86)\\Common Files\\McAfee\\SystemCore","e":false,"v":"15.4.0","st":1454585229141,"mt":1454584504285}}}
1456316319974	addons.xpi	DEBUG	Existing add-on fxdriver@googlecode.com in app-profile
1456316319975	addons.xpi	DEBUG	getModTime: Recursive scan of {972ce4c6-7e08-4474-a285-3208198ce6fd}
1456316319976	addons.xpi	DEBUG	Existing add-on {972ce4c6-7e08-4474-a285-3208198ce6fd} in app-global
1456316319976	addons.xpi	DEBUG	Existing add-on {D19CA586-DD6C-4a0a-96F8-14644F340D60} in winreg-app-global
1456316319976	addons.xpi	DEBUG	getInstallState changed: false, state: {"app-profile":{"fxdriver@googlecode.com":{"d":"C:\\Users\\kdeepa\\AppData\\Local\\Temp\\anonymous1429360616960305801webdriver-profile\\extensions\\fxdriver@googlecode.com","e":false,"v":"2.44.0","st":1456316311001,"mt":1456316310252}},"app-global":{"{972ce4c6-7e08-4474-a285-3208198ce6fd}":{"d":"C:\\Program Files (x86)\\Mozilla Firefox\\browser\\extensions\\{972ce4c6-7e08-4474-a285-3208198ce6fd}","e":true,"v":"44.0.2","st":1455273602346,"mt":1455273602346}},"winreg-app-global":{"{D19CA586-DD6C-4a0a-96F8-14644F340D60}":{"d":"C:\\Program Files (x86)\\Common Files\\McAfee\\SystemCore","e":false,"v":"15.4.0","st":1454585229141,"mt":1454584504285}}}
1456316319978	addons.xpi	DEBUG	No changes found
1456316319985	addons.manager	DEBUG	Registering shutdown blocker for XPIProvider
1456316319985	addons.manager	DEBUG	Provider finished startup: XPIProvider
1456316319985	addons.manager	DEBUG	Starting provider: LightweightThemeManager
1456316319985	addons.manager	DEBUG	Registering shutdown blocker for LightweightThemeManager
1456316319985	addons.manager	DEBUG	Provider finished startup: LightweightThemeManager
1456316319986	addons.manager	DEBUG	Starting provider: GMPProvider
1456316319991	addons.manager	DEBUG	Registering shutdown blocker for GMPProvider
1456316319991	addons.manager	DEBUG	Provider finished startup: GMPProvider
1456316319991	addons.manager	DEBUG	Starting provider: PluginProvider
1456316319991	addons.manager	DEBUG	Registering shutdown blocker for PluginProvider
1456316319991	addons.manager	DEBUG	Provider finished startup: PluginProvider
1456316319992	addons.manager	DEBUG	Completed startup sequence
1456316320088	addons.xpi-utils	DEBUG	Starting async load of XPI database C:\Users\kdeepa\AppData\Local\Temp\anonymous1429360616960305801webdriver-profile\extensions.json
*** Blocklist::_loadBlocklistFromFile: blocklist is disabled
1456316320240	addons.manager	DEBUG	Starting provider: <unnamed-provider>
1456316320240	addons.manager	DEBUG	Registering shutdown blocker for <unnamed-provider>
1456316320241	addons.manager	DEBUG	Provider finished startup: <unnamed-provider>
1456316320433	addons.xpi-utils	DEBUG	Async JSON file read took 0 MS
1456316320433	addons.xpi-utils	DEBUG	Finished async read of XPI database, parsing...
1456316320435	addons.xpi-utils	DEBUG	Successfully read XPI database
1456316320513	addons.manager	DEBUG	Starting provider: PreviousExperimentProvider
1456316320513	addons.manager	DEBUG	Registering shutdown blocker for PreviousExperimentProvider
1456316320513	addons.manager	DEBUG	Provider finished startup: PreviousExperimentProvider

	at org.openqa.selenium.firefox.internal.NewProfileExtensionConnection.start(NewProfileExtensionConnection.java:118)
	... 34 more
... Removed 24 stack frames]]>
    </failure>
  </testcase> <!-- @BeforeClass beforeClass -->
  <testcase name="@AfterClass afterClass" time="0.0" classname="com.eurotech.denali.test.DenaliTest">
    <skipped/>
  </testcase> <!-- @AfterClass afterClass -->
  <testcase name="verifyWebPageLogin" time="0.0" classname="com.eurotech.denali.test.DenaliTest">
    <skipped/>
  </testcase> <!-- verifyWebPageLogin -->
  <testcase name="verifyDeviceProfile" time="0.0" classname="com.eurotech.denali.test.DenaliTest">
    <skipped/>
  </testcase> <!-- verifyDeviceProfile -->
  <testcase name="verifyAllViews" time="0.0" classname="com.eurotech.denali.test.DenaliTest">
    <skipped/>
  </testcase> <!-- verifyAllViews -->
</testsuite> <!-- Denali Test - Firefox -->
